<?xml version="1.0" encoding="UTF-8"?>
<!-- Generated by org.testng.reporters.JUnitXMLReporter -->
<testsuite ignored="0" hostname="DESKTOP-SBLFK3K" failures="0" tests="3" name="Default test" time="29.561" errors="0" timestamp="2024-08-14T16:00:28 IST">
  <testcase classname="ninzaHRM.addSingleProject" name="postReqWithCompletedStatus" time="14.252"/>
  <testcase classname="ninzaHRM.addSingleProject" name="postRequest" time="7.201"/>
  <testcase classname="ninzaHRM.addSingleProject" name="postRequestWithOnGoingStatus" time="8.004"/>
</testsuite> <!-- Default test -->
