<?xml version="1.0" encoding="UTF-8"?>
<testng-results ignored="0" total="3" passed="3" failed="0" skipped="0">
  <reporter-output>
  </reporter-output>
  <suite started-at="2024-08-14T15:59:58 IST" name="Default suite" finished-at="2024-08-14T16:00:28 IST" duration-ms="29561">
    <groups>
    </groups>
    <test started-at="2024-08-14T15:59:58 IST" name="Default test" finished-at="2024-08-14T16:00:28 IST" duration-ms="29561">
      <class name="ninzaHRM.addSingleProject">
        <test-method is-config="true" signature="configBS()[pri:0, instance:ninzaHRM.addSingleProject@2df3b89c]" started-at="2024-08-14T15:59:56 IST" name="configBS" finished-at="2024-08-14T15:59:58 IST" duration-ms="2670" status="PASS">
          <reporter-output>
          </reporter-output>
        </test-method> <!-- configBS -->
        <test-method signature="postReqWithCompletedStatus()[pri:0, instance:ninzaHRM.addSingleProject@2df3b89c]" started-at="2024-08-14T15:59:58 IST" name="postReqWithCompletedStatus" finished-at="2024-08-14T16:00:13 IST" duration-ms="14252" status="PASS">
          <reporter-output>
          </reporter-output>
        </test-method> <!-- postReqWithCompletedStatus -->
        <test-method signature="postRequest()[pri:0, instance:ninzaHRM.addSingleProject@2df3b89c]" started-at="2024-08-14T16:00:13 IST" name="postRequest" finished-at="2024-08-14T16:00:20 IST" duration-ms="7201" status="PASS">
          <reporter-output>
          </reporter-output>
        </test-method> <!-- postRequest -->
        <test-method signature="postRequestWithOnGoingStatus()[pri:0, instance:ninzaHRM.addSingleProject@2df3b89c]" started-at="2024-08-14T16:00:20 IST" name="postRequestWithOnGoingStatus" finished-at="2024-08-14T16:00:28 IST" duration-ms="8004" status="PASS">
          <reporter-output>
          </reporter-output>
        </test-method> <!-- postRequestWithOnGoingStatus -->
        <test-method is-config="true" signature="configAS()[pri:0, instance:ninzaHRM.addSingleProject@2df3b89c]" started-at="2024-08-14T16:00:28 IST" name="configAS" finished-at="2024-08-14T16:00:28 IST" duration-ms="10" status="PASS">
          <reporter-output>
          </reporter-output>
        </test-method> <!-- configAS -->
      </class> <!-- ninzaHRM.addSingleProject -->
    </test> <!-- Default test -->
  </suite> <!-- Default suite -->
</testng-results>
